<?xml version="1.0" encoding="UTF-8"?>
<!-- Generated by org.testng.reporters.JUnitXMLReporter -->
<testsuite hostname="LAPTOP-G5UB30A1" ignored="0" name="Test" tests="3" failures="1" timestamp="04 Jul 2022 13:58:34 GMT" time="3.137" errors="0">
  <testcase name="failtest" time="0.024" classname="com.tests.LoginTest">
    <failure type="java.lang.AssertionError" message="expected [true] but found [false]">
      <![CDATA[java.lang.AssertionError: expected [true] but found [false]
at com.tests.LoginTest.failtest(LoginTest.java:39)
... Removed 33 stack frames]]>
    </failure>
  </testcase> <!-- failtest -->
  <testcase name="passtest" time="2.844" classname="com.tests.LoginTest"/>
  <testcase name="skiptest" time="0.001" classname="com.tests.LoginTest">
    <skipped/>
  </testcase> <!-- skiptest -->
</testsuite> <!-- Test -->
